<?xml version="1.0" encoding="UTF-8"?>
<testsuite name="org.example.restexam.Service.TodoServiceTest" tests="1" skipped="0" failures="0" errors="0" timestamp="2024-06-03T01:52:32" hostname="박경서" time="0.997">
  <properties/>
  <testcase name="addTodo()" classname="org.example.restexam.Service.TodoServiceTest" time="0.997"/>
  <system-out><![CDATA[10:52:27.485 [Test worker] INFO org.springframework.test.context.support.AnnotationConfigContextLoaderUtils -- Could not detect default configuration classes for test class [org.example.restexam.Service.TodoServiceTest]: TodoServiceTest does not declare any static, non-private, non-final, nested classes annotated with @Configuration.
10:52:27.654 [Test worker] INFO org.springframework.boot.test.context.SpringBootTestContextBootstrapper -- Found @SpringBootConfiguration org.example.restexam.RestexamApplication for test class org.example.restexam.Service.TodoServiceTest
  .   ____          _            __ _ _
 /\\ / ___'_ __ _ _(_)_ __  __ _ \ \ \ \
( ( )\___ | '_ | '_| | '_ \/ _` | \ \ \ \
 \\/  ___)| |_)| | | | | || (_| |  ) ) ) )
  '  |____| .__|_| |_|_| |_\__, | / / / /
 =========|_|==============|___/=/_/_/_/

 :: Spring Boot ::                (v3.3.0)

2024-06-03T10:52:28.171+09:00  INFO 12396 --- [restexam] [    Test worker] o.e.restexam.Service.TodoServiceTest     : Starting TodoServiceTest using Java 21.0.2 with PID 12396 (started by ch980_ in C:\likelion\workspace\restexam)
2024-06-03T10:52:28.173+09:00  INFO 12396 --- [restexam] [    Test worker] o.e.restexam.Service.TodoServiceTest     : No active profile set, falling back to 1 default profile: "default"
2024-06-03T10:52:28.929+09:00  INFO 12396 --- [restexam] [    Test worker] .s.d.r.c.RepositoryConfigurationDelegate : Bootstrapping Spring Data JPA repositories in DEFAULT mode.
2024-06-03T10:52:28.994+09:00  INFO 12396 --- [restexam] [    Test worker] .s.d.r.c.RepositoryConfigurationDelegate : Finished Spring Data repository scanning in 54 ms. Found 1 JPA repository interface.
2024-06-03T10:52:29.630+09:00  INFO 12396 --- [restexam] [    Test worker] o.hibernate.jpa.internal.util.LogHelper  : HHH000204: Processing PersistenceUnitInfo [name: default]
2024-06-03T10:52:29.714+09:00  INFO 12396 --- [restexam] [    Test worker] org.hibernate.Version                    : HHH000412: Hibernate ORM core version 6.5.2.Final
2024-06-03T10:52:29.759+09:00  INFO 12396 --- [restexam] [    Test worker] o.h.c.internal.RegionFactoryInitiator    : HHH000026: Second-level cache disabled
2024-06-03T10:52:30.154+09:00  INFO 12396 --- [restexam] [    Test worker] o.s.o.j.p.SpringPersistenceUnitInfo      : No LoadTimeWeaver setup: ignoring JPA class transformer
2024-06-03T10:52:30.200+09:00  INFO 12396 --- [restexam] [    Test worker] com.zaxxer.hikari.HikariDataSource       : HikariPool-1 - Starting...
2024-06-03T10:52:30.672+09:00  INFO 12396 --- [restexam] [    Test worker] com.zaxxer.hikari.pool.HikariPool        : HikariPool-1 - Added connection com.mysql.cj.jdbc.ConnectionImpl@45f1413c
2024-06-03T10:52:30.675+09:00  INFO 12396 --- [restexam] [    Test worker] com.zaxxer.hikari.HikariDataSource       : HikariPool-1 - Start completed.
2024-06-03T10:52:31.752+09:00  INFO 12396 --- [restexam] [    Test worker] o.h.e.t.j.p.i.JtaPlatformInitiator       : HHH000489: No JTA platform available (set 'hibernate.transaction.jta.platform' to enable JTA platform integration)
2024-06-03T10:52:31.855+09:00  INFO 12396 --- [restexam] [    Test worker] j.LocalContainerEntityManagerFactoryBean : Initialized JPA EntityManagerFactory for persistence unit 'default'
2024-06-03T10:52:32.318+09:00  WARN 12396 --- [restexam] [    Test worker] JpaBaseConfiguration$JpaWebConfiguration : spring.jpa.open-in-view is enabled by default. Therefore, database queries may be performed during view rendering. Explicitly configure spring.jpa.open-in-view to disable this warning
2024-06-03T10:52:32.810+09:00  INFO 12396 --- [restexam] [    Test worker] o.e.restexam.Service.TodoServiceTest     : Started TodoServiceTest in 4.928 seconds (process running for 6.447)
2024-06-03T10:52:33.804+09:00  INFO 12396 --- [restexam] [    Test worker] o.e.restexam.Service.TodoServiceTest     : todo1 ::: Todo(id=1, todo=todo1, done=null)
]]></system-out>
  <system-err><![CDATA[WARNING: A Java agent has been loaded dynamically (C:\Users\ch980_\.gradle\caches\modules-2\files-2.1\net.bytebuddy\byte-buddy-agent\1.14.16\4a451ee6484abac3a498df0f3b33ed00a6fced4d\byte-buddy-agent-1.14.16.jar)
WARNING: If a serviceability tool is in use, please run with -XX:+EnableDynamicAgentLoading to hide this warning
WARNING: If a serviceability tool is not in use, please run with -Djdk.instrument.traceUsage for more information
WARNING: Dynamic loading of agents will be disallowed by default in a future release
]]></system-err>
</testsuite>
